<?xml version="1.0" encoding="UTF-8"?>
<!-- Generated by org.testng.reporters.JUnitReportReporter -->
<testsuite hostname="USER-PC" failures="0" tests="1" name="crm.com.sample1.DummyTest" time="0.014" errors="0" timestamp="2021-12-30T19:54:41 IST" skipped="0">
  <testcase classname="crm.com.sample1.DummyTest" name="night" time="0.014"/>
  <system-out/>
</testsuite> <!-- crm.com.sample1.DummyTest -->
