<?xml version="1.0" encoding="UTF-8"?>
<!-- Generated by org.testng.reporters.JUnitReportReporter -->
<testsuite hostname="USER-PC" failures="0" tests="1" name="crm.com.sample1.sample1Test" time="0.002" errors="0" timestamp="2021-12-30T20:01:08 IST" skipped="0">
  <testcase classname="crm.com.sample1.sample1Test" name="bye" time="0.002"/>
  <system-out/>
</testsuite> <!-- crm.com.sample1.sample1Test -->
